<?xml version="1.0" encoding="UTF-8"?>
<testng-results ignored="0" total="1" passed="1" failed="0" skipped="0">
  <reporter-output>
  </reporter-output>
  <suite started-at="2021-12-03T11:05:55 IST" name="Surefire suite" finished-at="2021-12-03T11:05:55 IST" duration-ms="43">
    <groups>
    </groups>
    <test started-at="2021-12-03T11:05:55 IST" name="Surefire test" finished-at="2021-12-03T11:05:55 IST" duration-ms="43">
      <class name="Framework.Cucumber.AppTest">
        <test-method signature="shouldAnswerWithTrue()" started-at="2021-12-03T11:05:55 IST" name="shouldAnswerWithTrue" finished-at="2021-12-03T11:05:55 IST" duration-ms="0" status="PASS">
          <reporter-output>
          </reporter-output>
        </test-method> <!-- shouldAnswerWithTrue -->
      </class> <!-- Framework.Cucumber.AppTest -->
    </test> <!-- Surefire test -->
  </suite> <!-- Surefire suite -->
</testng-results>
